This is pdfTeX, Version 3.1415926-1.40.11 (TeX Live 2010) (format=pdflatex 2010.7.21)  25 JUL 2016 11:43
entering extended mode
 restricted \write18 enabled.
 file:line:error style messages enabled.
 %&-line parsing enabled.
**main.tex
(./main.tex
LaTeX2e <2009/09/24>
Babel <v3.8l> and hyphenation patterns for english, dumylang, nohyphenation, ge
rman-x-2009-06-19, ngerman-x-2009-06-19, ancientgreek, ibycus, arabic, armenian
, basque, bulgarian, catalan, pinyin, coptic, croatian, czech, danish, dutch, u
kenglish, usenglishmax, esperanto, estonian, farsi, finnish, french, galician, 
german, ngerman, swissgerman, monogreek, greek, hungarian, icelandic, assamese,
 bengali, gujarati, hindi, kannada, malayalam, marathi, oriya, panjabi, tamil, 
telugu, indonesian, interlingua, irish, italian, kurmanji, lao, latin, latvian,
 lithuanian, mongolian, mongolianlmc, bokmal, nynorsk, polish, portuguese, roma
nian, russian, sanskrit, serbian, slovak, slovenian, spanish, swedish, turkish,
 turkmen, ukrainian, uppersorbian, welsh, loaded.
(/usr/local/texlive/2010/texmf-dist/tex/latex/base/article.cls
Document Class: article 2007/10/19 v1.4h Standard LaTeX document class
(/usr/local/texlive/2010/texmf-dist/tex/latex/base/size10.clo
File: size10.clo 2007/10/19 v1.4h Standard LaTeX file (size option)
)
\c@part=\count79
\c@section=\count80
\c@subsection=\count81
\c@subsubsection=\count82
\c@paragraph=\count83
\c@subparagraph=\count84
\c@figure=\count85
\c@table=\count86
\abovecaptionskip=\skip41
\belowcaptionskip=\skip42
\bibindent=\dimen102
)
\c@theorem=\count87
\c@definition=\count88
\c@proof=\count89

(/usr/local/texlive/2010/texmf-dist/tex/latex/base/inputenc.sty
Package: inputenc 2008/03/30 v1.1d Input encoding file
\inpenc@prehook=\toks14
\inpenc@posthook=\toks15

(/usr/local/texlive/2010/texmf-dist/tex/latex/base/utf8.def
File: utf8.def 2008/04/05 v1.1m UTF-8 support for inputenc
Now handling font encoding OML ...
... no UTF-8 mapping file for font encoding OML
Now handling font encoding T1 ...
... processing UTF-8 mapping file for font encoding T1

(/usr/local/texlive/2010/texmf-dist/tex/latex/base/t1enc.dfu
File: t1enc.dfu 2008/04/05 v1.1m UTF-8 support for inputenc
   defining Unicode char U+00A1 (decimal 161)
   defining Unicode char U+00A3 (decimal 163)
   defining Unicode char U+00AB (decimal 171)
   defining Unicode char U+00BB (decimal 187)
   defining Unicode char U+00BF (decimal 191)
   defining Unicode char U+00C0 (decimal 192)
   defining Unicode char U+00C1 (decimal 193)
   defining Unicode char U+00C2 (decimal 194)
   defining Unicode char U+00C3 (decimal 195)
   defining Unicode char U+00C4 (decimal 196)
   defining Unicode char U+00C5 (decimal 197)
   defining Unicode char U+00C6 (decimal 198)
   defining Unicode char U+00C7 (decimal 199)
   defining Unicode char U+00C8 (decimal 200)
   defining Unicode char U+00C9 (decimal 201)
   defining Unicode char U+00CA (decimal 202)
   defining Unicode char U+00CB (decimal 203)
   defining Unicode char U+00CC (decimal 204)
   defining Unicode char U+00CD (decimal 205)
   defining Unicode char U+00CE (decimal 206)
   defining Unicode char U+00CF (decimal 207)
   defining Unicode char U+00D0 (decimal 208)
   defining Unicode char U+00D1 (decimal 209)
   defining Unicode char U+00D2 (decimal 210)
   defining Unicode char U+00D3 (decimal 211)
   defining Unicode char U+00D4 (decimal 212)
   defining Unicode char U+00D5 (decimal 213)
   defining Unicode char U+00D6 (decimal 214)
   defining Unicode char U+00D8 (decimal 216)
   defining Unicode char U+00D9 (decimal 217)
   defining Unicode char U+00DA (decimal 218)
   defining Unicode char U+00DB (decimal 219)
   defining Unicode char U+00DC (decimal 220)
   defining Unicode char U+00DD (decimal 221)
   defining Unicode char U+00DE (decimal 222)
   defining Unicode char U+00DF (decimal 223)
   defining Unicode char U+00E0 (decimal 224)
   defining Unicode char U+00E1 (decimal 225)
   defining Unicode char U+00E2 (decimal 226)
   defining Unicode char U+00E3 (decimal 227)
   defining Unicode char U+00E4 (decimal 228)
   defining Unicode char U+00E5 (decimal 229)
   defining Unicode char U+00E6 (decimal 230)
   defining Unicode char U+00E7 (decimal 231)
   defining Unicode char U+00E8 (decimal 232)
   defining Unicode char U+00E9 (decimal 233)
   defining Unicode char U+00EA (decimal 234)
   defining Unicode char U+00EB (decimal 235)
   defining Unicode char U+00EC (decimal 236)
   defining Unicode char U+00ED (decimal 237)
   defining Unicode char U+00EE (decimal 238)
   defining Unicode char U+00EF (decimal 239)
   defining Unicode char U+00F0 (decimal 240)
   defining Unicode char U+00F1 (decimal 241)
   defining Unicode char U+00F2 (decimal 242)
   defining Unicode char U+00F3 (decimal 243)
   defining Unicode char U+00F4 (decimal 244)
   defining Unicode char U+00F5 (decimal 245)
   defining Unicode char U+00F6 (decimal 246)
   defining Unicode char U+00F8 (decimal 248)
   defining Unicode char U+00F9 (decimal 249)
   defining Unicode char U+00FA (decimal 250)
   defining Unicode char U+00FB (decimal 251)
   defining Unicode char U+00FC (decimal 252)
   defining Unicode char U+00FD (decimal 253)
   defining Unicode char U+00FE (decimal 254)
   defining Unicode char U+00FF (decimal 255)
   defining Unicode char U+0102 (decimal 258)
   defining Unicode char U+0103 (decimal 259)
   defining Unicode char U+0104 (decimal 260)
   defining Unicode char U+0105 (decimal 261)
   defining Unicode char U+0106 (decimal 262)
   defining Unicode char U+0107 (decimal 263)
   defining Unicode char U+010C (decimal 268)
   defining Unicode char U+010D (decimal 269)
   defining Unicode char U+010E (decimal 270)
   defining Unicode char U+010F (decimal 271)
   defining Unicode char U+0110 (decimal 272)
   defining Unicode char U+0111 (decimal 273)
   defining Unicode char U+0118 (decimal 280)
   defining Unicode char U+0119 (decimal 281)
   defining Unicode char U+011A (decimal 282)
   defining Unicode char U+011B (decimal 283)
   defining Unicode char U+011E (decimal 286)
   defining Unicode char U+011F (decimal 287)
   defining Unicode char U+0130 (decimal 304)
   defining Unicode char U+0131 (decimal 305)
   defining Unicode char U+0132 (decimal 306)
   defining Unicode char U+0133 (decimal 307)
   defining Unicode char U+0139 (decimal 313)
   defining Unicode char U+013A (decimal 314)
   defining Unicode char U+013D (decimal 317)
   defining Unicode char U+013E (decimal 318)
   defining Unicode char U+0141 (decimal 321)
   defining Unicode char U+0142 (decimal 322)
   defining Unicode char U+0143 (decimal 323)
   defining Unicode char U+0144 (decimal 324)
   defining Unicode char U+0147 (decimal 327)
   defining Unicode char U+0148 (decimal 328)
   defining Unicode char U+014A (decimal 330)
   defining Unicode char U+014B (decimal 331)
   defining Unicode char U+0150 (decimal 336)
   defining Unicode char U+0151 (decimal 337)
   defining Unicode char U+0152 (decimal 338)
   defining Unicode char U+0153 (decimal 339)
   defining Unicode char U+0154 (decimal 340)
   defining Unicode char U+0155 (decimal 341)
   defining Unicode char U+0158 (decimal 344)
   defining Unicode char U+0159 (decimal 345)
   defining Unicode char U+015A (decimal 346)
   defining Unicode char U+015B (decimal 347)
   defining Unicode char U+015E (decimal 350)
   defining Unicode char U+015F (decimal 351)
   defining Unicode char U+0160 (decimal 352)
   defining Unicode char U+0161 (decimal 353)
   defining Unicode char U+0162 (decimal 354)
   defining Unicode char U+0163 (decimal 355)
   defining Unicode char U+0164 (decimal 356)
   defining Unicode char U+0165 (decimal 357)
   defining Unicode char U+016E (decimal 366)
   defining Unicode char U+016F (decimal 367)
   defining Unicode char U+0170 (decimal 368)
   defining Unicode char U+0171 (decimal 369)
   defining Unicode char U+0178 (decimal 376)
   defining Unicode char U+0179 (decimal 377)
   defining Unicode char U+017A (decimal 378)
   defining Unicode char U+017B (decimal 379)
   defining Unicode char U+017C (decimal 380)
   defining Unicode char U+017D (decimal 381)
   defining Unicode char U+017E (decimal 382)
   defining Unicode char U+200C (decimal 8204)
   defining Unicode char U+2013 (decimal 8211)
   defining Unicode char U+2014 (decimal 8212)
   defining Unicode char U+2018 (decimal 8216)
   defining Unicode char U+2019 (decimal 8217)
   defining Unicode char U+201A (decimal 8218)
   defining Unicode char U+201C (decimal 8220)
   defining Unicode char U+201D (decimal 8221)
   defining Unicode char U+201E (decimal 8222)
   defining Unicode char U+2030 (decimal 8240)
   defining Unicode char U+2031 (decimal 8241)
   defining Unicode char U+2039 (decimal 8249)
   defining Unicode char U+203A (decimal 8250)
   defining Unicode char U+2423 (decimal 9251)
)
Now handling font encoding OT1 ...
... processing UTF-8 mapping file for font encoding OT1

(/usr/local/texlive/2010/texmf-dist/tex/latex/base/ot1enc.dfu
File: ot1enc.dfu 2008/04/05 v1.1m UTF-8 support for inputenc
   defining Unicode char U+00A1 (decimal 161)
   defining Unicode char U+00A3 (decimal 163)
   defining Unicode char U+00B8 (decimal 184)
   defining Unicode char U+00BF (decimal 191)
   defining Unicode char U+00C5 (decimal 197)
   defining Unicode char U+00C6 (decimal 198)
   defining Unicode char U+00D8 (decimal 216)
   defining Unicode char U+00DF (decimal 223)
   defining Unicode char U+00E6 (decimal 230)
   defining Unicode char U+00EC (decimal 236)
   defining Unicode char U+00ED (decimal 237)
   defining Unicode char U+00EE (decimal 238)
   defining Unicode char U+00EF (decimal 239)
   defining Unicode char U+00F8 (decimal 248)
   defining Unicode char U+0131 (decimal 305)
   defining Unicode char U+0141 (decimal 321)
   defining Unicode char U+0142 (decimal 322)
   defining Unicode char U+0152 (decimal 338)
   defining Unicode char U+0153 (decimal 339)
   defining Unicode char U+2013 (decimal 8211)
   defining Unicode char U+2014 (decimal 8212)
   defining Unicode char U+2018 (decimal 8216)
   defining Unicode char U+2019 (decimal 8217)
   defining Unicode char U+201C (decimal 8220)
   defining Unicode char U+201D (decimal 8221)
)
Now handling font encoding OMS ...
... processing UTF-8 mapping file for font encoding OMS

(/usr/local/texlive/2010/texmf-dist/tex/latex/base/omsenc.dfu
File: omsenc.dfu 2008/04/05 v1.1m UTF-8 support for inputenc
   defining Unicode char U+00A7 (decimal 167)
   defining Unicode char U+00B6 (decimal 182)
   defining Unicode char U+00B7 (decimal 183)
   defining Unicode char U+2020 (decimal 8224)
   defining Unicode char U+2021 (decimal 8225)
   defining Unicode char U+2022 (decimal 8226)
)
Now handling font encoding OMX ...
... no UTF-8 mapping file for font encoding OMX
Now handling font encoding U ...
... no UTF-8 mapping file for font encoding U
   defining Unicode char U+00A9 (decimal 169)
   defining Unicode char U+00AA (decimal 170)
   defining Unicode char U+00AE (decimal 174)
   defining Unicode char U+00BA (decimal 186)
   defining Unicode char U+02C6 (decimal 710)
   defining Unicode char U+02DC (decimal 732)
   defining Unicode char U+200C (decimal 8204)
   defining Unicode char U+2026 (decimal 8230)
   defining Unicode char U+2122 (decimal 8482)
   defining Unicode char U+2423 (decimal 9251)
))
(/usr/local/texlive/2010/texmf-dist/tex/latex/amsmath/amsmath.sty
Package: amsmath 2000/07/18 v2.13 AMS math features
\@mathmargin=\skip43

For additional information on amsmath, use the `?' option.
(/usr/local/texlive/2010/texmf-dist/tex/latex/amsmath/amstext.sty
Package: amstext 2000/06/29 v2.01

(/usr/local/texlive/2010/texmf-dist/tex/latex/amsmath/amsgen.sty
File: amsgen.sty 1999/11/30 v2.0
\@emptytoks=\toks16
\ex@=\dimen103
))
(/usr/local/texlive/2010/texmf-dist/tex/latex/amsmath/amsbsy.sty
Package: amsbsy 1999/11/29 v1.2d
\pmbraise@=\dimen104
)
(/usr/local/texlive/2010/texmf-dist/tex/latex/amsmath/amsopn.sty
Package: amsopn 1999/12/14 v2.01 operator names
)
\inf@bad=\count90
LaTeX Info: Redefining \frac on input line 211.
\uproot@=\count91
\leftroot@=\count92
LaTeX Info: Redefining \overline on input line 307.
\classnum@=\count93
\DOTSCASE@=\count94
LaTeX Info: Redefining \ldots on input line 379.
LaTeX Info: Redefining \dots on input line 382.
LaTeX Info: Redefining \cdots on input line 467.
\Mathstrutbox@=\box26
\strutbox@=\box27
\big@size=\dimen105
LaTeX Font Info:    Redeclaring font encoding OML on input line 567.
LaTeX Font Info:    Redeclaring font encoding OMS on input line 568.
\macc@depth=\count95
\c@MaxMatrixCols=\count96
\dotsspace@=\muskip10
\c@parentequation=\count97
\dspbrk@lvl=\count98
\tag@help=\toks17
\row@=\count99
\column@=\count100
\maxfields@=\count101
\andhelp@=\toks18
\eqnshift@=\dimen106
\alignsep@=\dimen107
\tagshift@=\dimen108
\tagwidth@=\dimen109
\totwidth@=\dimen110
\lineht@=\dimen111
\@envbody=\toks19
\multlinegap=\skip44
\multlinetaggap=\skip45
\mathdisplay@stack=\toks20
LaTeX Info: Redefining \[ on input line 2666.
LaTeX Info: Redefining \] on input line 2667.
)
(/usr/local/texlive/2010/texmf-dist/tex/latex/amsfonts/amssymb.sty
Package: amssymb 2009/06/22 v3.00

(/usr/local/texlive/2010/texmf-dist/tex/latex/amsfonts/amsfonts.sty
Package: amsfonts 2009/06/22 v3.00 Basic AMSFonts support
\symAMSa=\mathgroup4
\symAMSb=\mathgroup5
LaTeX Font Info:    Overwriting math alphabet `\mathfrak' in version `bold'
(Font)                  U/euf/m/n --> U/euf/b/n on input line 96.
))
(/usr/local/texlive/2010/texmf-dist/tex/latex/graphics/graphicx.sty
Package: graphicx 1999/02/16 v1.0f Enhanced LaTeX Graphics (DPC,SPQR)

(/usr/local/texlive/2010/texmf-dist/tex/latex/graphics/keyval.sty
Package: keyval 1999/03/16 v1.13 key=value parser (DPC)
\KV@toks@=\toks21
)
(/usr/local/texlive/2010/texmf-dist/tex/latex/graphics/graphics.sty
Package: graphics 2009/02/05 v1.0o Standard LaTeX Graphics (DPC,SPQR)

(/usr/local/texlive/2010/texmf-dist/tex/latex/graphics/trig.sty
Package: trig 1999/03/16 v1.09 sin cos tan (DPC)
)
(/usr/local/texlive/2010/texmf-dist/tex/latex/latexconfig/graphics.cfg
File: graphics.cfg 2010/04/23 v1.9 graphics configuration of TeX Live
)
Package graphics Info: Driver file: pdftex.def on input line 91.

(/usr/local/texlive/2010/texmf-dist/tex/latex/pdftex-def/pdftex.def
File: pdftex.def 2010/02/14 v0.04n Graphics/color for pdfTeX
\Gread@gobject=\count102
))
\Gin@req@height=\dimen112
\Gin@req@width=\dimen113
)
(/usr/local/texlive/2010/texmf-dist/tex/latex/jknapltx/mathrsfs.sty
Package: mathrsfs 1996/01/01 Math RSFS package v1.0 (jk)
\symrsfs=\mathgroup6
)
(./main.aux)
\openout1 = `main.aux'.

LaTeX Font Info:    Checking defaults for OML/cmm/m/it on input line 35.
LaTeX Font Info:    ... okay on input line 35.
LaTeX Font Info:    Checking defaults for T1/cmr/m/n on input line 35.
LaTeX Font Info:    ... okay on input line 35.
LaTeX Font Info:    Checking defaults for OT1/cmr/m/n on input line 35.
LaTeX Font Info:    ... okay on input line 35.
LaTeX Font Info:    Checking defaults for OMS/cmsy/m/n on input line 35.
LaTeX Font Info:    ... okay on input line 35.
LaTeX Font Info:    Checking defaults for OMX/cmex/m/n on input line 35.
LaTeX Font Info:    ... okay on input line 35.
LaTeX Font Info:    Checking defaults for U/cmr/m/n on input line 35.
LaTeX Font Info:    ... okay on input line 35.
 (/usr/local/texlive/2010/texmf-dist/tex/context/base/supp-pdf.mkii
[Loading MPS to PDF converter (version 2006.09.02).]
\scratchcounter=\count103
\scratchdimen=\dimen114
\scratchbox=\box28
\nofMPsegments=\count104
\nofMParguments=\count105
\everyMPshowfont=\toks22
\MPscratchCnt=\count106
\MPscratchDim=\dimen115
\MPnumerator=\count107
\everyMPtoPDFconversion=\toks23
) (/usr/local/texlive/2010/texmf-dist/tex/generic/oberdiek/pdftexcmds.sty
Package: pdftexcmds 2010/04/01 v0.9 Utility functions of pdfTeX for LuaTeX (HO)


(/usr/local/texlive/2010/texmf-dist/tex/generic/oberdiek/infwarerr.sty
Package: infwarerr 2010/04/08 v1.3 Providing info/warning/message (HO)
)
(/usr/local/texlive/2010/texmf-dist/tex/generic/oberdiek/ifluatex.sty
Package: ifluatex 2010/03/01 v1.3 Provides the ifluatex switch (HO)
Package ifluatex Info: LuaTeX not detected.
)
(/usr/local/texlive/2010/texmf-dist/tex/generic/oberdiek/ltxcmds.sty
Package: ltxcmds 2010/04/26 v1.7 LaTeX kernel commands for general use (HO)
)
Package pdftexcmds Info: LuaTeX not detected.
Package pdftexcmds Info: \pdf@primitive is available.
Package pdftexcmds Info: \pdf@ifprimitive is available.
)
(/usr/local/texlive/2010/texmf-dist/tex/latex/oberdiek/epstopdf-base.sty
Package: epstopdf-base 2010/02/09 v2.5 Base part for package epstopdf

(/usr/local/texlive/2010/texmf-dist/tex/latex/oberdiek/grfext.sty
Package: grfext 2007/09/30 v1.0 Managing graphics extensions (HO)
)
(/usr/local/texlive/2010/texmf-dist/tex/latex/oberdiek/kvoptions.sty
Package: kvoptions 2010/02/22 v3.7 Keyval support for LaTeX options (HO)

(/usr/local/texlive/2010/texmf-dist/tex/generic/oberdiek/kvsetkeys.sty
Package: kvsetkeys 2010/03/01 v1.9 Key value parser (HO)

(/usr/local/texlive/2010/texmf-dist/tex/generic/oberdiek/etexcmds.sty
Package: etexcmds 2010/01/28 v1.3 Prefix for e-TeX command names (HO)
Package etexcmds Info: Could not find \expanded.
(etexcmds)             That can mean that you are not using pdfTeX 1.50 or
(etexcmds)             that some package has redefined \expanded.
(etexcmds)             In the latter case, load this package earlier.
)))
Package grfext Info: Graphics extension search list:
(grfext)             [.png,.pdf,.jpg,.mps,.jpeg,.jbig2,.jb2,.PNG,.PDF,.JPG,.JPE
G,.JBIG2,.JB2,.eps]
(grfext)             \AppendGraphicsExtensions on input line 436.

(/usr/local/texlive/2010/texmf-dist/tex/latex/latexconfig/epstopdf-sys.cfg
File: epstopdf-sys.cfg 2010/07/13 v1.3 Configuration of (r)epstopdf for TeX Liv
e
))
LaTeX Font Info:    Try loading font information for U+msa on input line 39.

(/usr/local/texlive/2010/texmf-dist/tex/latex/amsfonts/umsa.fd
File: umsa.fd 2009/06/22 v3.00 AMS symbols A
)
LaTeX Font Info:    Try loading font information for U+msb on input line 39.

(/usr/local/texlive/2010/texmf-dist/tex/latex/amsfonts/umsb.fd
File: umsb.fd 2009/06/22 v3.00 AMS symbols B
)
LaTeX Font Info:    Try loading font information for U+rsfs on input line 39.

(/usr/local/texlive/2010/texmf-dist/tex/latex/jknapltx/ursfs.fd
File: ursfs.fd 1998/03/24 rsfs font definition file (jk)
)
<cover.png, id=1, 927.465pt x 663.47874pt>
File: cover.png Graphic file (type png)
 <use cover.png> [1

{/usr/local/texlive/2010/texmf-var/fonts/map/pdftex/updmap/pdftex.map} <./cover
.png (PNG copy)>]
(./Introduction/Intro.tex
LaTeX Font Info:    Try loading font information for OMS+cmr on input line 12.

(/usr/local/texlive/2010/texmf-dist/tex/latex/base/omscmr.fd
File: omscmr.fd 1999/05/25 v2.5h Standard LaTeX font definitions
)
LaTeX Font Info:    Font shape `OMS/cmr/m/n' in size <10> not available
(Font)              Font shape `OMS/cmsy/m/n' tried instead on input line 12.
 [2]) [3]
(./Undergrad_ODEs/Undergrad_ODEs.tex [4]
Underfull \hbox (badness 10000) in paragraph at lines 85--86

 []

[5]
Overfull \hbox (1.53586pt too wide) in paragraph at lines 141--142
[]\OT1/cmr/m/n/10 The rea-son we make clear the dis-tinc-tion is be-cause if we
 con-sider a so-lu-tion to the \OT1/cmr/m/it/10 non-homogeneous
 []

[6]
Underfull \hbox (badness 10000) in paragraph at lines 149--150

 []

[7] [8] [9] [10]
Overfull \hbox (31.32503pt too wide) in paragraph at lines 368--368
[] 
 []

[11] [12] [13]

LaTeX Warning: Reference `Ricatii' on page 14 undefined on input line 488.


LaTeX Warning: Reference `ricatti_sub' on page 14 undefined on input line 514.

[14] [15]
Underfull \hbox (badness 10000) in paragraph at lines 590--591

 []


Underfull \hbox (badness 10000) in paragraph at lines 632--633

 []


Underfull \hbox (badness 10000) in paragraph at lines 638--639

 []

[16]
Underfull \hbox (badness 10000) in paragraph at lines 643--644

 []


Underfull \hbox (badness 10000) in paragraph at lines 647--648

 []


Underfull \hbox (badness 10000) in paragraph at lines 664--665

 []


Underfull \hbox (badness 10000) in paragraph at lines 675--676

 []


Underfull \hbox (badness 10000) in paragraph at lines 688--689

 []

[17]
Underfull \hbox (badness 10000) in paragraph at lines 696--697

 []


Underfull \hbox (badness 10000) in paragraph at lines 710--711

 []


Underfull \hbox (badness 10000) in paragraph at lines 728--729

 []


Underfull \hbox (badness 10000) in paragraph at lines 733--734

 []


Underfull \hbox (badness 10000) in paragraph at lines 739--740

 []

[18]
Underfull \hbox (badness 10000) in paragraph at lines 751--752

 []


Underfull \hbox (badness 10000) in paragraph at lines 753--754

 []


Underfull \hbox (badness 10000) in paragraph at lines 755--756

 []

[19]
Underfull \hbox (badness 10000) in paragraph at lines 813--814

 []


Underfull \hbox (badness 10000) in paragraph at lines 815--816

 []


Underfull \hbox (badness 10000) in paragraph at lines 817--818

 []


Underfull \hbox (badness 10000) in paragraph at lines 819--820

 []

[20]
Underfull \hbox (badness 10000) in paragraph at lines 839--840

 []


Underfull \hbox (badness 10000) in paragraph at lines 841--844

 []


Underfull \hbox (badness 10000) in paragraph at lines 845--848

 []


Underfull \hbox (badness 10000) in paragraph at lines 849--850

 []


Underfull \hbox (badness 10000) in paragraph at lines 851--854

 []

[21]
Underfull \hbox (badness 10000) in paragraph at lines 872--873

 []


Underfull \hbox (badness 10000) in paragraph at lines 876--877

 []


Underfull \hbox (badness 10000) in paragraph at lines 880--881

 []


Underfull \hbox (badness 10000) in paragraph at lines 882--883

 []

[22]
Underfull \hbox (badness 10000) in paragraph at lines 914--915

 []


Underfull \hbox (badness 10000) in paragraph at lines 932--933

 []


Underfull \hbox (badness 10000) in paragraph at lines 934--935

 []


Underfull \hbox (badness 10000) in paragraph at lines 936--937

 []


Underfull \hbox (badness 10000) in paragraph at lines 938--939

 []

[23]
Underfull \hbox (badness 10000) in paragraph at lines 952--954

 []


Underfull \hbox (badness 10000) in paragraph at lines 955--958

 []


Underfull \hbox (badness 10000) in paragraph at lines 964--965

 []


Underfull \hbox (badness 10000) in paragraph at lines 966--967

 []

[24] [25]
Underfull \hbox (badness 10000) in paragraph at lines 1030--1031

 []


Underfull \hbox (badness 10000) in paragraph at lines 1038--1041

 []


Underfull \hbox (badness 10000) in paragraph at lines 1056--1057

 []


Underfull \hbox (badness 10000) in paragraph at lines 1058--1059

 []

[26]
Underfull \hbox (badness 10000) in paragraph at lines 1061--1062

 []


Underfull \hbox (badness 10000) in paragraph at lines 1061--1062

 []


Underfull \hbox (badness 10000) in paragraph at lines 1063--1066

 []


Underfull \hbox (badness 10000) in paragraph at lines 1069--1072

 []

[27]
Underfull \hbox (badness 10000) in paragraph at lines 1123--1126

 []

[28]
Underfull \hbox (badness 10000) in paragraph at lines 1133--1134

 []


Underfull \hbox (badness 10000) in paragraph at lines 1133--1134

 []


Underfull \hbox (badness 10000) in paragraph at lines 1135--1136

 []


Underfull \hbox (badness 10000) in paragraph at lines 1137--1138

 []


Underfull \hbox (badness 10000) in paragraph at lines 1139--1139

 []


Underfull \hbox (badness 10000) in paragraph at lines 1139--1142

 []


Underfull \hbox (badness 10000) in paragraph at lines 1143--1144

 []

[29]
Overfull \hbox (72.5931pt too wide) detected at line 1158
[] \OT1/cmr/m/n/10 = [] \OML/cmm/m/it/10 :
 []

[30]
Underfull \hbox (badness 10000) in paragraph at lines 1202--1203

 []


Underfull \hbox (badness 10000) in paragraph at lines 1208--1209

 []


Underfull \hbox (badness 10000) in paragraph at lines 1208--1209

 []


Underfull \hbox (badness 10000) in paragraph at lines 1214--1217

 []

[31] [32]
Underfull \hbox (badness 10000) in paragraph at lines 1266--1267

 []


Underfull \hbox (badness 10000) in paragraph at lines 1279--1282

 []

[33]
Underfull \hbox (badness 10000) in paragraph at lines 1283--1284

 []


Underfull \hbox (badness 10000) in paragraph at lines 1287--1290

 []

[34]
Underfull \hbox (badness 10000) in paragraph at lines 1309--1312

 []


Underfull \hbox (badness 10000) in paragraph at lines 1314--1317

 []


Underfull \hbox (badness 10000) in paragraph at lines 1330--1331

 []


Underfull \hbox (badness 10000) in paragraph at lines 1332--1333

 []


<./Undergrad_ODEs/EquilibriaClassification.png, id=131, 586.19pt x 563.10374pt>
File: ./Undergrad_ODEs/EquilibriaClassification.png Graphic file (type png)
<use ./Undergrad_ODEs/EquilibriaClassification.png>

LaTeX Warning: `!h' float specifier changed to `!ht'.


Underfull \hbox (badness 10000) in paragraph at lines 1348--1349

 []


Underfull \hbox (badness 10000) in paragraph at lines 1350--1351

 []


Underfull \hbox (badness 10000) in paragraph at lines 1352--1353

 []


Underfull \hbox (badness 10000) in paragraph at lines 1354--1355

 []


Underfull \hbox (badness 10000) in paragraph at lines 1356--1357

 []

[35]
Underfull \hbox (badness 10000) in paragraph at lines 1360--1361

 []


Underfull \hbox (badness 10000) in paragraph at lines 1362--1363

 []


Underfull \hbox (badness 10000) in paragraph at lines 1364--1365

 []


Underfull \hbox (badness 10000) in paragraph at lines 1366--1367

 []


Underfull \hbox (badness 10000) in paragraph at lines 1368--1369

 []

[36 <./Undergrad_ODEs/EquilibriaClassification.png>]
Underfull \hbox (badness 10000) in paragraph at lines 1373--1374

 []


Underfull \hbox (badness 10000) in paragraph at lines 1375--1376

 []


Underfull \hbox (badness 10000) in paragraph at lines 1377--1378

 []


Underfull \hbox (badness 10000) in paragraph at lines 1379--1380

 []


Underfull \hbox (badness 10000) in paragraph at lines 1381--1382

 []


Underfull \hbox (badness 10000) in paragraph at lines 1385--1386

 []


Underfull \hbox (badness 10000) in paragraph at lines 1387--1388

 []


Underfull \hbox (badness 10000) in paragraph at lines 1389--1390

 []


Underfull \hbox (badness 10000) in paragraph at lines 1391--1392

 []


Underfull \hbox (badness 10000) in paragraph at lines 1393--1394

 []


Underfull \hbox (badness 10000) in paragraph at lines 1397--1398

 []


Underfull \hbox (badness 10000) in paragraph at lines 1399--1400

 []


Underfull \hbox (badness 10000) in paragraph at lines 1410--1411

 []

[37]
Underfull \hbox (badness 10000) in paragraph at lines 1413--1414

 []


Underfull \hbox (badness 10000) in paragraph at lines 1417--1418

 []


Underfull \hbox (badness 10000) in paragraph at lines 1421--1422

 []


Underfull \hbox (badness 10000) in paragraph at lines 1435--1436

 []


Underfull \hbox (badness 10000) in paragraph at lines 1438--1439

 []


Underfull \hbox (badness 10000) in paragraph at lines 1440--1441

 []


Underfull \hbox (badness 10000) in paragraph at lines 1442--1443

 []


Underfull \hbox (badness 10000) in paragraph at lines 1445--1446

 []


Underfull \hbox (badness 10000) in paragraph at lines 1447--1448

 []

)
Underfull \hbox (badness 10000) in paragraph at lines 1451--73

 []

[38] (./Sturm_Liouville/Sturm_Liouville.tex
Underfull \hbox (badness 10000) in paragraph at lines 11--12

 []


Underfull \hbox (badness 10000) in paragraph at lines 13--14

 []


Underfull \hbox (badness 10000) in paragraph at lines 15--16

 []

[39] [40] [41] [42]
<./Sturm_Liouville/Fourier_Series_Ex.png, id=159, 964.60374pt x 637.38126pt>
File: ./Sturm_Liouville/Fourier_Series_Ex.png Graphic file (type png)

<use ./Sturm_Liouville/Fourier_Series_Ex.png>
Overfull \hbox (41.45326pt too wide) in paragraph at lines 199--200
 [][] 
 []


LaTeX Warning: `!h' float specifier changed to `!ht'.


Underfull \hbox (badness 10000) in paragraph at lines 214--215

 []

[43] [44 <./Sturm_Liouville/Fourier_Series_Ex.png (PNG copy)>] [45]
Underfull \hbox (badness 10000) in paragraph at lines 284--285

 []


Underfull \hbox (badness 10000) in paragraph at lines 303--304

 []

[46] [47]
Underfull \hbox (badness 10000) in paragraph at lines 366--367

 []


Underfull \hbox (badness 10000) in paragraph at lines 379--380

 []

[48]) [49] (./Greens_Function/Greens_Function.tex [50] [51]
Underfull \hbox (badness 10000) in paragraph at lines 158--159

 []

[52]) [53] (./Linear_PDEs/Linear_PDEs.tex
Underfull \hbox (badness 10000) in paragraph at lines 16--17

 []


Underfull \hbox (badness 10000) in paragraph at lines 23--24

 []


Underfull \hbox (badness 10000) in paragraph at lines 32--33

 []

[54]
Underfull \hbox (badness 10000) in paragraph at lines 70--71

 []


Underfull \hbox (badness 10000) in paragraph at lines 72--73

 []


Underfull \hbox (badness 10000) in paragraph at lines 72--73

 []

[55]
Underfull \hbox (badness 10000) in paragraph at lines 88--89

 []


Underfull \hbox (badness 10000) in paragraph at lines 108--109

 []

[56]
Underfull \hbox (badness 10000) in paragraph at lines 121--122

 []


Underfull \hbox (badness 10000) in paragraph at lines 121--122

 []


Underfull \hbox (badness 10000) in paragraph at lines 129--130

 []

[57]
Underfull \hbox (badness 10000) in paragraph at lines 171--172

 []


Underfull \hbox (badness 10000) in paragraph at lines 173--174

 []


Underfull \hbox (badness 10000) in paragraph at lines 175--176

 []

[58]
Underfull \hbox (badness 10000) in paragraph at lines 188--189

 []


Underfull \hbox (badness 10000) in paragraph at lines 208--209

 []

[59] <./Linear_PDEs/moc_idea1.jpg, id=217, 3131.7pt x 1915.155pt>
File: ./Linear_PDEs/moc_idea1.jpg Graphic file (type jpg)

<use ./Linear_PDEs/moc_idea1.jpg>
Underfull \hbox (badness 10000) in paragraph at lines 248--249

 []


Underfull \hbox (badness 10000) in paragraph at lines 250--251

 []

[60 <./Linear_PDEs/moc_idea1.jpg>]
<./Linear_PDEs/moc_idea3.jpg, id=221, 2468.22125pt x 1817.79124pt>
File: ./Linear_PDEs/moc_idea3.jpg Graphic file (type jpg)

<use ./Linear_PDEs/moc_idea3.jpg>

LaTeX Warning: Reference `mod_idea3' on page 61 undefined on input line 268.

[61 <./Linear_PDEs/moc_idea3.jpg>]
Overfull \hbox (9.99084pt too wide) in paragraph at lines 330--332
[]\OT1/cmr/m/it/10 (\OT1/cmr/m/n/10 Cauchy-Kowaleski The-o-rem\OT1/cmr/m/it/10 
): Con-sider the Cauchy prob-lem, $\OML/cmm/m/it/10 a\OT1/cmr/m/n/10 (\OML/cmm/
m/it/10 x; y; u\OT1/cmr/m/n/10 )\OML/cmm/m/it/10 u[] \OT1/cmr/m/n/10 + \OML/cmm
/m/it/10 b\OT1/cmr/m/n/10 (\OML/cmm/m/it/10 x; y; u\OT1/cmr/m/n/10 )\OML/cmm/m/
it/10 u[] \OMS/cmsy/m/n/10 ^^@
 []

[62] [63]
Underfull \hbox (badness 10000) in paragraph at lines 395--396

 []


Underfull \hbox (badness 10000) in paragraph at lines 402--403

 []

[64] [65] [66]
Underfull \hbox (badness 10000) in paragraph at lines 496--497

 []


Underfull \hbox (badness 10000) in paragraph at lines 503--504

 []


Underfull \hbox (badness 10000) in paragraph at lines 513--514

 []


Underfull \hbox (badness 10000) in paragraph at lines 518--520

 []

[67]
Underfull \hbox (badness 10000) in paragraph at lines 524--525

 []


Underfull \hbox (badness 10000) in paragraph at lines 526--528

 []


Underfull \hbox (badness 10000) in paragraph at lines 526--528

 []


Underfull \hbox (badness 10000) in paragraph at lines 532--534

 []


Underfull \hbox (badness 10000) in paragraph at lines 541--543

 []

[68]
Underfull \hbox (badness 10000) in paragraph at lines 566--567

 []


Underfull \hbox (badness 10000) in paragraph at lines 568--569

 []


Underfull \hbox (badness 10000) in paragraph at lines 576--577

 []


Underfull \hbox (badness 10000) in paragraph at lines 583--584

 []

[69]
Underfull \hbox (badness 10000) in paragraph at lines 613--614

 []

[70]
Overfull \hbox (9.99153pt too wide) in paragraph at lines 627--627
[] 
 []


Underfull \hbox (badness 10000) in paragraph at lines 634--635

 []


Underfull \hbox (badness 10000) in paragraph at lines 634--635

 []

[71]
Underfull \hbox (badness 10000) in paragraph at lines 681--682

 []


Underfull \hbox (badness 10000) in paragraph at lines 681--682

 []


Underfull \hbox (badness 10000) in paragraph at lines 689--690

 []


Underfull \hbox (badness 10000) in paragraph at lines 689--690

 []


Underfull \hbox (badness 10000) in paragraph at lines 702--704

 []


Underfull \hbox (badness 10000) in paragraph at lines 707--708

 []


Underfull \hbox (badness 10000) in paragraph at lines 707--708

 []

[72]
Underfull \hbox (badness 10000) in paragraph at lines 714--715

 []


Underfull \hbox (badness 10000) in paragraph at lines 714--715

 []


Underfull \hbox (badness 10000) in paragraph at lines 721--722

 []


Underfull \hbox (badness 10000) in paragraph at lines 721--722

 []


Underfull \hbox (badness 10000) in paragraph at lines 730--731

 []


Underfull \hbox (badness 10000) in paragraph at lines 730--731

 []


Underfull \hbox (badness 10000) in paragraph at lines 737--738

 []


Underfull \hbox (badness 10000) in paragraph at lines 737--738

 []

[73]
Underfull \hbox (badness 10000) in paragraph at lines 757--758

 []


Underfull \hbox (badness 10000) in paragraph at lines 757--758

 []

[74]
Underfull \hbox (badness 10000) in paragraph at lines 796--797

 []


Underfull \hbox (badness 10000) in paragraph at lines 814--816

 []

[75]
Underfull \hbox (badness 10000) in paragraph at lines 865--866

 []

[76]
Underfull \hbox (badness 10000) in paragraph at lines 872--873

 []

[77]
Underfull \hbox (badness 10000) in paragraph at lines 903--904

 []


Underfull \hbox (badness 10000) in paragraph at lines 903--904

 []

[78] [79]
Underfull \hbox (badness 10000) in paragraph at lines 958--959

 []


Underfull \hbox (badness 10000) in paragraph at lines 960--961

 []

<./Linear_PDEs/moi_geo1.png, id=285, 794.97pt x 311.1625pt>
File: ./Linear_PDEs/moi_geo1.png Graphic file (type png)

<use ./Linear_PDEs/moi_geo1.png>

LaTeX Warning: `!h' float specifier changed to `!ht'.


Underfull \hbox (badness 10000) in paragraph at lines 975--976

 []


Underfull \hbox (badness 10000) in paragraph at lines 977--978

 []

[80]
Underfull \hbox (badness 10000) in paragraph at lines 979--980

 []


Underfull \hbox (badness 10000) in paragraph at lines 981--982

 []

<./Linear_PDEs/moi_geo2.png, id=289, 828.09375pt x 194.7275pt>
File: ./Linear_PDEs/moi_geo2.png Graphic file (type png)

<use ./Linear_PDEs/moi_geo2.png>
Overfull \hbox (10.84007pt too wide) in paragraph at lines 993--994
 [][] 
 []


LaTeX Warning: `!h' float specifier changed to `!ht'.


Underfull \hbox (badness 10000) in paragraph at lines 998--999

 []


Underfull \hbox (badness 10000) in paragraph at lines 1000--1001

 []

[81 <./Linear_PDEs/moi_geo1.png (PNG copy)>]
Underfull \hbox (badness 10000) in paragraph at lines 1023--1024

 []

[82 <./Linear_PDEs/moi_geo2.png>]) [83] (./Physics/Physics.tex
Underfull \hbox (badness 10000) in paragraph at lines 5--6

 []


Underfull \hbox (badness 10000) in paragraph at lines 7--8

 []


Underfull \hbox (badness 10000) in paragraph at lines 18--19

 []


Underfull \hbox (badness 10000) in paragraph at lines 27--28

 []


Underfull \hbox (badness 10000) in paragraph at lines 34--35

 []


Underfull \hbox (badness 10000) in paragraph at lines 34--35

 []


Underfull \hbox (badness 10000) in paragraph at lines 36--37

 []


Underfull \hbox (badness 10000) in paragraph at lines 41--42

 []

[84]
Underfull \hbox (badness 10000) in paragraph at lines 46--47

 []


Underfull \hbox (badness 10000) in paragraph at lines 46--47

 []


Underfull \hbox (badness 10000) in paragraph at lines 52--53

 []


Underfull \hbox (badness 10000) in paragraph at lines 65--66

 []

[85]
Underfull \hbox (badness 10000) in paragraph at lines 67--68

 []


Underfull \hbox (badness 10000) in paragraph at lines 74--75

 []


Underfull \hbox (badness 10000) in paragraph at lines 74--75

 []


Underfull \hbox (badness 10000) in paragraph at lines 76--77

 []


Underfull \hbox (badness 10000) in paragraph at lines 112--113

 []


Underfull \hbox (badness 10000) in paragraph at lines 112--113

 []


Underfull \hbox (badness 10000) in paragraph at lines 114--115

 []

[86]) [87] (./Asymptotics/Asymptotics.tex [88] [89] [90] [91]
Overfull \hbox (45.99225pt too wide) in paragraph at lines 194--194
[] 
 []

[92] [93]

LaTeX Warning: Reference `stirling_gamma_int' on page 94 undefined on input lin
e 248.

[94]) [95] (./main.aux)

LaTeX Warning: There were undefined references.


LaTeX Warning: Label(s) may have changed. Rerun to get cross-references right.

 ) 
Here is how much of TeX's memory you used:
 2575 strings out of 493747
 33768 string characters out of 3143546
 99855 words of memory out of 3000000
 5776 multiletter control sequences out of 15000+200000
 14437 words of font info for 57 fonts, out of 3000000 for 9000
 714 hyphenation exceptions out of 8191
 37i,18n,24p,832b,350s stack positions out of 5000i,500n,10000p,200000b,50000s
</usr/local/texlive/2010/texmf-dist/fonts/type1/public/amsfonts/cm/cmbx10.pfb
></usr/local/texlive/2010/texmf-dist/fonts/type1/public/amsfonts/cm/cmbx12.pfb>
</usr/local/texlive/2010/texmf-dist/fonts/type1/public/amsfonts/cm/cmbx7.pfb></
usr/local/texlive/2010/texmf-dist/fonts/type1/public/amsfonts/cm/cmbxti10.pfb><
/usr/local/texlive/2010/texmf-dist/fonts/type1/public/amsfonts/cm/cmex10.pfb></
usr/local/texlive/2010/texmf-dist/fonts/type1/public/amsfonts/cmextra/cmex7.pfb
></usr/local/texlive/2010/texmf-dist/fonts/type1/public/amsfonts/cm/cmmi10.pfb>
</usr/local/texlive/2010/texmf-dist/fonts/type1/public/amsfonts/cm/cmmi12.pfb><
/usr/local/texlive/2010/texmf-dist/fonts/type1/public/amsfonts/cm/cmmi5.pfb></u
sr/local/texlive/2010/texmf-dist/fonts/type1/public/amsfonts/cm/cmmi7.pfb></usr
/local/texlive/2010/texmf-dist/fonts/type1/public/amsfonts/cm/cmmi8.pfb></usr/l
ocal/texlive/2010/texmf-dist/fonts/type1/public/amsfonts/cm/cmr10.pfb></usr/loc
al/texlive/2010/texmf-dist/fonts/type1/public/amsfonts/cm/cmr12.pfb></usr/local
/texlive/2010/texmf-dist/fonts/type1/public/amsfonts/cm/cmr17.pfb></usr/local/t
exlive/2010/texmf-dist/fonts/type1/public/amsfonts/cm/cmr5.pfb></usr/local/texl
ive/2010/texmf-dist/fonts/type1/public/amsfonts/cm/cmr7.pfb></usr/local/texlive
/2010/texmf-dist/fonts/type1/public/amsfonts/cm/cmsy10.pfb></usr/local/texlive/
2010/texmf-dist/fonts/type1/public/amsfonts/cm/cmsy5.pfb></usr/local/texlive/20
10/texmf-dist/fonts/type1/public/amsfonts/cm/cmsy7.pfb></usr/local/texlive/2010
/texmf-dist/fonts/type1/public/amsfonts/cm/cmti10.pfb></usr/local/texlive/2010/
texmf-dist/fonts/type1/public/amsfonts/symbols/msbm10.pfb></usr/local/texlive/2
010/texmf-dist/fonts/type1/public/amsfonts/symbols/msbm7.pfb></usr/local/texliv
e/2010/texmf-dist/fonts/type1/public/rsfs/rsfs10.pfb></usr/local/texlive/2010/t
exmf-dist/fonts/type1/public/rsfs/rsfs7.pfb>
Output written on main.pdf (95 pages, 3245408 bytes).
PDF statistics:
 417 PDF objects out of 1000 (max. 8388607)
 284 compressed objects within 3 object streams
 0 named destinations out of 1000 (max. 500000)
 36 words of extra memory for PDF output out of 10000 (max. 10000000)

